2022.09.12 23:21:42 INFO  tracing is disabled for protocol LSP, to enable tracing of incoming and outgoing JSON messages create an empty file at c:\Users\CS COMPUTERS\Desktop\Tutorial 5\.metals\lsp.trace.json or C:\Users\CS COMPUTERS\AppData\Local\scalameta\metals\cache\lsp.trace.json
2022.09.12 23:21:44 INFO  logging to file C:\Users\CS COMPUTERS\Desktop\Tutorial 5\.metals\metals.log
2022.09.12 23:21:44 INFO  Started: Metals version 0.11.8 in workspace 'C:\Users\CS COMPUTERS\Desktop\Tutorial 5' for client Visual Studio Code 1.70.0.
2022.09.12 23:21:46 WARN  Flyway upgrade recommended: H2 2.1.214 is newer than this version of Flyway and support has not been tested. The latest supported version of H2 is 2.1.210.
2022.09.12 23:21:48 INFO  time: initialize in 4.12s
2022.09.12 23:21:49 WARN  Build server is not auto-connectable.
2022.09.12 23:21:49 WARN  no build tool detected in workspace 'C:\Users\CS COMPUTERS\Desktop\Tutorial 5'. The most common cause for this problem is that the editor was opened in the wrong working directory, for example if you use sbt then the workspace directory should contain build.sbt. 
2022.09.12 23:21:49 WARN  no build target for: C:\Users\CS COMPUTERS\Desktop\Tutorial 5\Q1.scala
2022.09.12 23:21:49 WARN  no build target for: C:\Users\CS COMPUTERS\Desktop\Labsheet_7 (1)\Labsheet_7\Q4.scala
2022.09.12 23:21:49 WARN  no build target for: C:\Users\CS COMPUTERS\Desktop\Labsheet_7 (1)\Labsheet_7\Q3.scala
2022.09.12 23:21:49 WARN  no build target for: C:\Users\CS COMPUTERS\Desktop\Tutorial 5\Q2.scala
2022.09.12 23:21:54 INFO  no build target found for C:\Users\CS COMPUTERS\Desktop\Labsheet_7 (1)\Labsheet_7\Q4.scala. Using presentation compiler with project's scala-library version: 3.1.3
2022.09.12 23:21:59 INFO  time: code lens generation in 8.72s
Sep 12, 2022 11:22:04 PM org.eclipse.lsp4j.jsonrpc.services.GenericEndpoint notify
INFO: Unsupported notification method: $/setTrace
Sep 12, 2022 11:22:14 PM org.eclipse.lsp4j.jsonrpc.RemoteEndpoint fallbackResponseError
SEVERE: Internal error: java.lang.ArrayIndexOutOfBoundsException: 1248
java.util.concurrent.CompletionException: java.lang.ArrayIndexOutOfBoundsException: 1248
	at java.util.concurrent.CompletableFuture.encodeThrowable(CompletableFuture.java:292)
	at java.util.concurrent.CompletableFuture.completeThrowable(CompletableFuture.java:308)
	at java.util.concurrent.CompletableFuture.uniAccept(CompletableFuture.java:661)
	at java.util.concurrent.CompletableFuture$UniAccept.tryFire(CompletableFuture.java:646)
	at java.util.concurrent.CompletableFuture.postComplete(CompletableFuture.java:488)
	at java.util.concurrent.CompletableFuture.completeExceptionally(CompletableFuture.java:1990)
	at scala.meta.internal.metals.CancelTokens$.$anonfun$future$1(CancelTokens.scala:40)
	at scala.meta.internal.metals.CancelTokens$.$anonfun$future$1$adapted(CancelTokens.scala:38)
	at scala.concurrent.impl.Promise$Transformation.run(Promise.scala:484)
	at java.util.concurrent.ThreadPoolExecutor.runWorker(ThreadPoolExecutor.java:1149)
	at java.util.concurrent.ThreadPoolExecutor$Worker.run(ThreadPoolExecutor.java:624)
	at java.lang.Thread.run(Thread.java:748)
Caused by: java.lang.ArrayIndexOutOfBoundsException: 1248
	at scala.meta.internal.parsing.FoldingRangeExtractor$Foldable$.isScala3BlockWithoutOptionalBraces(FoldingRangeExtractor.scala:248)
	at scala.meta.internal.parsing.FoldingRangeExtractor$Foldable$.unapply(FoldingRangeExtractor.scala:199)
	at scala.meta.internal.parsing.FoldingRangeExtractor.extractFrom(FoldingRangeExtractor.scala:36)
	at scala.meta.internal.parsing.FoldingRangeExtractor.$anonfun$extractFrom$2(FoldingRangeExtractor.scala:56)
	at scala.meta.internal.parsing.FoldingRangeExtractor.$anonfun$extractFrom$2$adapted(FoldingRangeExtractor.scala:51)
	at scala.collection.immutable.List.foreach(List.scala:333)
	at scala.meta.internal.parsing.FoldingRangeExtractor.extractFrom(FoldingRangeExtractor.scala:51)
	at scala.meta.internal.parsing.FoldingRangeExtractor.$anonfun$extractFrom$2(FoldingRangeExtractor.scala:56)
	at scala.meta.internal.parsing.FoldingRangeExtractor.$anonfun$extractFrom$2$adapted(FoldingRangeExtractor.scala:51)
	at scala.collection.immutable.List.foreach(List.scala:333)
	at scala.meta.internal.parsing.FoldingRangeExtractor.extractFrom(FoldingRangeExtractor.scala:51)
	at scala.meta.internal.parsing.FoldingRangeExtractor.extract(FoldingRangeExtractor.scala:29)
	at scala.meta.internal.parsing.FoldingRangeProvider.$anonfun$getRangedForScala$3(FoldingRangeProvider.scala:40)
	at scala.Option.map(Option.scala:242)
	at scala.meta.internal.parsing.FoldingRangeProvider.$anonfun$getRangedForScala$2(FoldingRangeProvider.scala:33)
	at scala.Option$WithFilter.flatMap(Option.scala:283)
	at scala.meta.internal.parsing.FoldingRangeProvider.getRangedForScala(FoldingRangeProvider.scala:31)
	at scala.meta.internal.metals.MetalsLanguageServer.$anonfun$foldingRange$2(MetalsLanguageServer.scala:1705)
	at scala.concurrent.impl.Promise$Transformation.run(Promise.scala:467)
	... 3 more

2022.09.12 23:22:44 INFO  shutting down Metals
